<?xml version="1.0" encoding="UTF-8"?>
<testng-results ignored="0" total="2" passed="2" failed="0" skipped="0">
  <reporter-output>
  </reporter-output>
  <suite started-at="2024-10-06T15:26:07 IST" name="Suite" finished-at="2024-10-06T15:26:16 IST" duration-ms="9548">
    <groups>
      <group name="Master">
        <method signature="LoginTest.loginTestCase()[pri:0, instance:testCases.LoginTest@698122b2]" name="loginTestCase" class="testCases.LoginTest"/>
        <method signature="LoginTest.loginTestCase()[pri:0, instance:testCases.LoginTest@4b20ca2b]" name="loginTestCase" class="testCases.LoginTest"/>
      </group> <!-- Master -->
      <group name="Regression">
        <method signature="LoginTest.loginTestCase()[pri:0, instance:testCases.LoginTest@698122b2]" name="loginTestCase" class="testCases.LoginTest"/>
        <method signature="LoginTest.loginTestCase()[pri:0, instance:testCases.LoginTest@4b20ca2b]" name="loginTestCase" class="testCases.LoginTest"/>
      </group> <!-- Regression -->
    </groups>
    <test started-at="2024-10-06T15:26:07 IST" name="Test1" finished-at="2024-10-06T15:26:10 IST" duration-ms="3334">
      <class name="testCases.LoginTest">
        <test-method is-config="true" signature="setup(java.lang.String,java.lang.String)[pri:0, instance:testCases.LoginTest@698122b2]" started-at="2024-10-06T15:26:07 IST" name="setup" finished-at="2024-10-06T15:26:08 IST" duration-ms="1613" status="PASS">
          <params>
            <param index="0">
              <value>
                <![CDATA[Linux]]>
              </value>
            </param>
            <param index="1">
              <value>
                <![CDATA[chrome]]>
              </value>
            </param>
          </params>
          <reporter-output>
          </reporter-output>
        </test-method> <!-- setup -->
        <test-method signature="loginTestCase()[pri:0, instance:testCases.LoginTest@698122b2]" started-at="2024-10-06T15:26:08 IST" name="loginTestCase" finished-at="2024-10-06T15:26:10 IST" duration-ms="1469" status="PASS">
          <reporter-output>
          </reporter-output>
        </test-method> <!-- loginTestCase -->
        <test-method is-config="true" signature="clean()[pri:0, instance:testCases.LoginTest@698122b2]" started-at="2024-10-06T15:26:10 IST" name="clean" finished-at="2024-10-06T15:26:10 IST" duration-ms="85" status="PASS">
          <reporter-output>
          </reporter-output>
        </test-method> <!-- clean -->
      </class> <!-- testCases.LoginTest -->
    </test> <!-- Test1 -->
    <test started-at="2024-10-06T15:26:10 IST" name="Test2" finished-at="2024-10-06T15:26:16 IST" duration-ms="5804">
      <class name="testCases.LoginTest">
        <test-method is-config="true" signature="setup(java.lang.String,java.lang.String)[pri:0, instance:testCases.LoginTest@4b20ca2b]" started-at="2024-10-06T15:26:10 IST" name="setup" finished-at="2024-10-06T15:26:14 IST" duration-ms="3652" status="PASS">
          <params>
            <param index="0">
              <value>
                <![CDATA[linux]]>
              </value>
            </param>
            <param index="1">
              <value>
                <![CDATA[firefox]]>
              </value>
            </param>
          </params>
          <reporter-output>
          </reporter-output>
        </test-method> <!-- setup -->
        <test-method signature="loginTestCase()[pri:0, instance:testCases.LoginTest@4b20ca2b]" started-at="2024-10-06T15:26:14 IST" name="loginTestCase" finished-at="2024-10-06T15:26:15 IST" duration-ms="1439" status="PASS">
          <reporter-output>
          </reporter-output>
        </test-method> <!-- loginTestCase -->
        <test-method is-config="true" signature="clean()[pri:0, instance:testCases.LoginTest@4b20ca2b]" started-at="2024-10-06T15:26:15 IST" name="clean" finished-at="2024-10-06T15:26:16 IST" duration-ms="708" status="PASS">
          <reporter-output>
          </reporter-output>
        </test-method> <!-- clean -->
      </class> <!-- testCases.LoginTest -->
    </test> <!-- Test2 -->
  </suite> <!-- Suite -->
</testng-results>
